Apr 03, 2023 6:13:01 PM client.Admin writeLog
INFO: Log from ATWA1234(Customer) : ATWA1234 : Add slot | Request Parameters : Movie Id: ATWA100223 Movie Name: Avatar Number of Slots: 100
Apr 03, 2023 6:15:23 PM client.Admin writeLog
INFO: Log from ATWA1234(Customer) : ATWA1234 : Add slot | Request Parameters : Movie Id: ATWA100223 Movie Name: Avatar Number of Slots: 100
Apr 03, 2023 7:14:29 PM client.Admin writeLog
INFO: Log from ATWA1234(Customer) : ATWA1234 : Add slot | Request Parameters : Movie Id: ATWA080808 Movie Name: Avatar Number of Slots: 100
Apr 03, 2023 7:17:36 PM client.Admin writeLog
INFO: Log from ATWA1234(Customer) : ATWA1234 : Add slot | Request Parameters : Movie Id: ATWA080808 Movie Name: Avatar Number of Slots: 100
Apr 03, 2023 7:18:52 PM client.Admin writeLog
INFO: Log from ATWA1234(Customer) : ATWA1234 : Add slot | Request Parameters : Movie Id: ATWA080808 Movie Name: Avatar Number of Slots: 100
Apr 03, 2023 7:23:09 PM client.Admin writeLog
INFO: Log from ATWA1234(Customer) : ATWA1234 : Add slot | Request Parameters : Movie Id: ATWA080808 Movie Name: Avatar Number of Slots: 1000
Apr 06, 2023 7:37:29 PM client.Admin writeLog
INFO: Log from ATWA1234(Customer) : ATWA1234 : Add slot | Request Parameters : Movie Id: ATWA080423 Movie Name: Avatar Number of Slots: 100
Apr 06, 2023 7:40:14 PM client.Admin writeLog
INFO: Log from ATWA1234(Customer) : ATWA1234 : Add slot | Request Parameters : Movie Id: ATWA080423 Movie Name: Avatar Number of Slots: 100
Apr 07, 2023 9:59:29 AM client.Admin writeLog
INFO: Log from ATWA1234(Customer) : ATWA1234 : Add slot | Request Parameters : Movie Id: ATWA080423 Movie Name: Avatar Number of Slots: 100
Apr 07, 2023 10:00:25 AM client.Admin writeLog
INFO: Log from ATWA1234(Customer) : ATWA1234 : Add slot | Request Parameters : Movie Id: ATWA080423 Movie Name: Avatar Number of Slots: 100
Apr 07, 2023 10:01:15 AM client.Admin writeLog
INFO: Log from ATWA1234(Customer) : ATWC1234 : Book Tickets | Request Parameters : Movie Id: ATWA080423 Movie Name: Avatar Number of Tickets: 5
Apr 07, 2023 10:17:17 AM client.Admin writeLog
INFO: Log from ATWA1234(Customer) : ATWA1234 : Add slot | Request Parameters : Movie Id: ATWA080423 Movie Name: Avatar Number of Slots: 100
Apr 07, 2023 10:18:30 AM client.Admin writeLog
INFO: Log from ATWA1234(Customer) : ATWA1234 : Add slot | Request Parameters : Movie Id: ATWA090423 Movie Name: Avengers Number of Slots: 90
Apr 07, 2023 10:19:04 AM client.Admin writeLog
INFO: Log from ATWA1234(Customer) : ATWA1234 : Display available slots | Request Parameters : Movie Name: Avatar
Apr 07, 2023 10:28:16 AM client.Admin writeLog
INFO: Log from ATWA1234(Customer) : ATWA1234 : Add slot | Request Parameters : Movie Id: 090423 Movie Name: Avatar Number of Slots: 100
Apr 07, 2023 10:31:12 AM client.Admin writeLog
INFO: Log from ATWA1234(Customer) : ATWA1234 : Add slot | Request Parameters : Movie Id: ATWA080423 Movie Name: Avengers Number of Slots: 160
Apr 07, 2023 10:50:35 AM client.Admin writeLog
INFO: Log from ATWA1234(Customer) : ATWA1234 : Add slot | Request Parameters : Movie Id: ATWA080423 Movie Name: Avatar Number of Slots: 100
Apr 07, 2023 10:51:11 AM client.Admin writeLog
INFO: Log from ATWA1234(Customer) : ATWA1234 : Add slot | Request Parameters : Movie Id: ATWA090423 Movie Name: Avatar Number of Slots: 900
Apr 07, 2023 10:51:22 AM client.Admin writeLog
INFO: Log from ATWA1234(Customer) : ATWA1234 : Display available slots | Request Parameters : Movie Name: Avatar
Apr 07, 2023 10:52:44 AM client.Admin writeLog
INFO: Log from ATWA1234(Customer) : ATWA1234 : Book Tickets | Request Parameters : Movie Id: ATWA080423 Movie Name: Avatar Number of Tickets: 7
Apr 07, 2023 10:53:26 AM client.Admin writeLog
INFO: Log from ATWA1234(Customer) : ATWA1234 : Book Tickets | Request Parameters : Movie Id: ATWA090423 Movie Name: Avatar Number of Tickets: 10
Apr 07, 2023 10:58:53 AM client.Admin writeLog
INFO: Log from ATWA1234(Customer) : ATWA1234 : Remove slot | Request Parameters : Movie Id: ATWA080423 Movie Name: Avatar
Apr 07, 2023 10:59:15 AM client.Admin writeLog
INFO: Log from ATWA1234(Customer) : ATWA1234 : Add slot | Request Parameters : Movie Id: ATWA080423 Movie Name: Avatar Number of Slots: 100
Apr 07, 2023 10:59:38 AM client.Admin writeLog
INFO: Log from ATWA1234(Customer) : ATWA1234 : Add slot | Request Parameters : Movie Id: ATWA090423 Movie Name: Avatar Number of Slots: 160
Apr 07, 2023 10:59:47 AM client.Admin writeLog
INFO: Log from ATWA1234(Customer) : ATWA1234 : Display available slots | Request Parameters : Movie Name: Avatar
Apr 07, 2023 11:01:05 AM client.Admin writeLog
INFO: Log from ATWA1234(Customer) : ATWA1234 : Book Tickets | Request Parameters : Movie Id: ATWA080423 Movie Name: Avatar Number of Tickets: 7
Apr 07, 2023 11:01:31 AM client.Admin writeLog
INFO: Log from ATWA1234(Customer) : ATWA1234 : Book Tickets | Request Parameters : Movie Id: ATWA090423 Movie Name: Avatar Number of Tickets: 10
Apr 07, 2023 11:01:55 AM client.Admin writeLog
INFO: Log from ATWA1234(Customer) : ATWA1234 : Get Bookings | Request Parameters : Customer Id: ATWA1234
