Mar 08, 2023 9:42:37 PM client.Customer writeLog
INFO: Log from ATWC1234(Customer) : Customer Logging out.
Mar 08, 2023 9:43:31 PM client.Customer writeLog
INFO: Log from ATWC1234(Customer) : ATWC1234 : Get Bookings | Request Parameters : Customer Id: ATWC1234
Mar 08, 2023 9:44:02 PM client.Customer writeLog
INFO: Log from ATWC1234(Customer) : ATWC1234 : Exchange Tickets | Request Parameters : Movie Id:  Movie Name:  Number of Tickets: 1
Mar 08, 2023 9:51:15 PM client.Customer writeLog
INFO: Log from ATWC1234(Customer) : ATWC1234 : Get Bookings | Request Parameters : Customer Id: ATWC1234
Mar 08, 2023 9:53:21 PM client.Customer writeLog
INFO: Log from ATWC1234(Customer) : ATWC1234 : Get Bookings | Request Parameters : Customer Id: ATWC1234
Mar 08, 2023 9:53:44 PM client.Customer writeLog
INFO: Log from ATWC1234(Customer) : ATWC1234 : Exchange Tickets | Request Parameters : Movie Id:  Movie Name:  Number of Tickets: 1
Mar 08, 2023 9:54:27 PM client.Customer writeLog
INFO: Log from ATWC1234(Customer) : ATWC1234 : Exchange Tickets | Request Parameters : Movie Id:  Movie Name:  Number of Tickets: 1
Mar 08, 2023 10:51:42 PM client.Customer writeLog
INFO: Log from ATWC1234(Customer) : ATWC1234 : Exchange Tickets | Request Parameters : Movie Id:  Movie Name:  Number of Tickets: 1
Mar 08, 2023 10:54:17 PM client.Customer writeLog
INFO: Log from ATWC1234(Customer) : ATWC1234 : Exchange Tickets | Request Parameters : Movie Id:  Movie Name:  Number of Tickets: 1
Mar 08, 2023 11:19:40 PM client.Customer writeLog
INFO: Log from ATWC1234(Customer) : ATWC1234 : Exchange Tickets | Request Parameters : Movie Id:  Movie Name:  Number of Tickets: 1
Mar 08, 2023 11:21:01 PM client.Customer writeLog
INFO: Log from ATWC1234(Customer) : ATWC1234 : Exchange Tickets | Request Parameters : Movie Id:  Movie Name:  Number of Tickets: 1
Mar 08, 2023 11:26:38 PM client.Customer writeLog
INFO: Log from ATWC1234(Customer) : ATWC1234 : Exchange Tickets | Request Parameters : Movie Id:  Movie Name:  Number of Tickets: 1
Mar 08, 2023 11:31:46 PM client.Customer writeLog
INFO: Log from ATWC1234(Customer) : ATWC1234 : Exchange Tickets | Request Parameters : Movie Id:  Movie Name:  Number of Tickets: 1
Mar 08, 2023 11:33:37 PM client.Customer writeLog
INFO: Log from ATWC1234(Customer) : ATWC1234 : Exchange Tickets | Request Parameters : Movie Id:  Movie Name:  Number of Tickets: 1
Mar 08, 2023 11:34:13 PM client.Customer writeLog
INFO: Log from ATWC1234(Customer) : ATWC1234 : Exchange Tickets | Request Parameters : Movie Id:  Movie Name:  Number of Tickets: 1
Mar 08, 2023 11:42:18 PM client.Customer writeLog
INFO: Log from ATWC1234(Customer) : ATWC1234 : Exchange Tickets | Request Parameters : Movie Id:  Movie Name:  Number of Tickets: 1
Mar 08, 2023 11:53:14 PM client.Customer writeLog
INFO: Log from ATWC1234(Customer) : ATWC1234 : Exchange Tickets | Request Parameters : Movie Id:  Movie Name:  Number of Tickets: 1
Mar 09, 2023 12:07:31 AM client.Customer writeLog
INFO: Log from ATWC1234(Customer) : ATWC1234 : Exchange Tickets | Request Parameters : Movie Id:  Movie Name:  Number of Tickets: 1
Mar 12, 2023 9:37:38 PM client.Customer writeLog
INFO: Log from ATWC1234(Customer) : ATWC1234 : Get Bookings | Request Parameters : Customer Id: ATWC1234
Mar 12, 2023 9:39:28 PM client.Customer writeLog
INFO: Log from ATWC1234(Customer) : ATWC1234 : Get Bookings | Request Parameters : Customer Id: ATWC1234
Mar 12, 2023 9:48:16 PM client.Customer writeLog
INFO: Log from ATWC1234(Customer) : ATWC1234 : Book Tickets | Request Parameters : Movie Id: ATWM130323 Movie Name: Avatar Number of Tickets: 20
Mar 12, 2023 9:48:21 PM client.Customer writeLog
INFO: Log from ATWC1234(Customer) : ATWC1234 : Get Bookings | Request Parameters : Customer Id: ATWC1234
Mar 12, 2023 9:48:49 PM client.Customer writeLog
INFO: Log from ATWC1234(Customer) : ATWC1234 : Exchange Tickets | Request Parameters : Movie Id:  Movie Name:  Number of Tickets: 1
Mar 12, 2023 9:48:51 PM client.Customer writeLog
INFO: Log from ATWC1234(Customer) : ATWC1234 : Get Bookings | Request Parameters : Customer Id: ATWC1234
Mar 12, 2023 9:51:54 PM client.Customer writeLog
INFO: Log from ATWC1234(Customer) : ATWC1234 : Exchange Tickets | Request Parameters : Movie Id:  Movie Name:  Number of Tickets: 20
Mar 12, 2023 9:51:59 PM client.Customer writeLog
INFO: Log from ATWC1234(Customer) : ATWC1234 : Get Bookings | Request Parameters : Customer Id: ATWC1234
Mar 12, 2023 9:55:03 PM client.Customer writeLog
INFO: Log from ATWC1234(Customer) : ATWC1234 : Exchange Tickets | Request Parameters : Movie Id:  Movie Name:  Number of Tickets: 20
Mar 12, 2023 9:56:27 PM client.Customer writeLog
INFO: Log from ATWC1234(Customer) : ATWC1234 : Exchange Tickets | Request Parameters : Movie Id:  Movie Name:  Number of Tickets: 100
Mar 12, 2023 9:57:36 PM client.Customer writeLog
INFO: Log from ATWC1234(Customer) : ATWC1234 : Get Bookings | Request Parameters : Customer Id: ATWC1234
Mar 12, 2023 9:58:08 PM client.Customer writeLog
INFO: Log from ATWC1234(Customer) : ATWC1234 : Get Bookings | Request Parameters : Customer Id: ATWC1234
Mar 21, 2023 8:17:03 PM client.Customer writeLog
INFO: Log from ATWC1234(Customer) : ATWC1234 : Get Bookings | Request Parameters : Customer Id: ATWC1234
Mar 21, 2023 8:17:54 PM client.Customer writeLog
INFO: Log from ATWC1234(Customer) : ATWC1234 : Book Tickets | Request Parameters : Movie Id: ATWA220323 Movie Name: Avatar Number of Tickets: 10
Mar 21, 2023 8:17:57 PM client.Customer writeLog
INFO: Log from ATWC1234(Customer) : ATWC1234 : Get Bookings | Request Parameters : Customer Id: ATWC1234
Mar 21, 2023 8:18:29 PM client.Customer writeLog
INFO: Log from ATWC1234(Customer) : ATWC1234 : Exchange Tickets | Request Parameters : Movie Id:  Movie Name:  Number of Tickets: 20
Mar 21, 2023 8:45:04 PM client.Customer writeLog
INFO: Log from ATWC1234(Customer) : ATWC1234 : Get Bookings | Request Parameters : Customer Id: ATWC1234
Mar 21, 2023 8:45:20 PM client.Customer writeLog
INFO: Log from ATWC1234(Customer) : ATWC1234 : Cancel Booking | Request Parameters : Customer Id: ATWC1234 Movie Id: ATWM210323 Movie Name: Avatar Number of Slots: 2
Mar 21, 2023 8:45:22 PM client.Customer writeLog
INFO: Log from ATWC1234(Customer) : ATWC1234 : Get Bookings | Request Parameters : Customer Id: ATWC1234
