Apr 07, 2023 3:28:34 PM Replicas.Replica1.implementation.ATWImplementation writeLog
INFO: Log from Atwater : Movie slot ATWA080423 added for : Avatar
Apr 07, 2023 3:29:06 PM Replicas.Replica1.implementation.ATWImplementation writeLog
INFO: Log from Atwater : Movie slot ATWA080423 added for : Avengers
Apr 07, 2023 3:30:02 PM Replicas.Replica1.implementation.ATWImplementation writeLog
INFO: Log from Atwater : Tickets for Avatar for 08/04
Apr 07, 2023 3:30:46 PM Replicas.Replica1.implementation.ATWImplementation writeLog
INFO: Log from Atwater : Ticket(s) canceled successfully.
Apr 07, 2023 3:32:47 PM Replicas.Replica1.implementation.ATWImplementation writeLog
INFO: Log from Atwater : UDP request sent from Atwater to port 7001
Apr 07, 2023 3:32:47 PM Replicas.Replica1.implementation.ATWImplementation writeLog
INFO: Log from Atwater : UDP request sent from Atwater to port 7002
Apr 07, 2023 3:32:47 PM Replicas.Replica1.server.OUTAServer writeLog
INFO: Log from  Atwater : Received response
Apr 07, 2023 3:32:47 PM Replicas.Replica1.server.OUTAServer writeLog
INFO: Log from  Atwater : Outremont : Get Bookings for Atwater | Request Parameters : customerID: ATWC1234
Apr 07, 2023 3:32:49 PM Replicas.Replica1.implementation.ATWImplementation writeLog
INFO: Log from Atwater : Bookings found from all servers for user : ATWC1234
Apr 07, 2023 3:41:12 PM Replicas.Replica1.implementation.ATWImplementation writeLog
INFO: Log from Atwater : Movie slot ATWA090423 added for : Avatar
Apr 07, 2023 3:44:05 PM Replicas.Replica1.implementation.ATWImplementation writeLog
INFO: Log from Atwater : UDP request sent from Atwater to port 7002
Apr 07, 2023 3:44:05 PM Replicas.Replica1.implementation.ATWImplementation writeLog
INFO: Log from Atwater : UDP request sent from Atwater to port 7001
Apr 07, 2023 3:44:05 PM Replicas.Replica1.server.OUTAServer writeLog
INFO: Log from  Atwater : Received response
Apr 07, 2023 3:44:05 PM Replicas.Replica1.server.OUTAServer writeLog
INFO: Log from  Atwater : Outremont : Get Bookings for Atwater | Request Parameters : customerID: ATWC1234
Apr 07, 2023 3:44:07 PM Replicas.Replica1.implementation.ATWImplementation writeLog
INFO: Log from Atwater : Bookings found from all servers for user : ATWC1234
Apr 08, 2023 8:32:04 AM Replicas.Replica1.implementation.ATWImplementation writeLog
INFO: Log from Atwater : Movie slot ATWA090423 added for : Avatar
Apr 08, 2023 8:32:26 AM Replicas.Replica1.implementation.ATWImplementation writeLog
INFO: Log from Atwater : Movie Slot already exist for ATWA090423
Apr 08, 2023 8:33:49 AM Replicas.Replica1.implementation.ATWImplementation writeLog
INFO: Log from Atwater : UDP request sent from Atwater to port 7001
Apr 08, 2023 8:33:49 AM Replicas.Replica1.implementation.ATWImplementation writeLog
INFO: Log from Atwater : UDP request sent from Atwater to port 7002
Apr 08, 2023 8:33:49 AM Replicas.Replica1.server.OUTAServer writeLog
INFO: Log from  Atwater : Received response
Apr 08, 2023 8:33:49 AM Replicas.Replica1.implementation.ATWImplementation writeLog
INFO: Log from Atwater : UDP response received from port 7001
Apr 08, 2023 8:33:49 AM Replicas.Replica1.server.OUTAServer writeLog
INFO: Log from  Atwater : Outremont : List availabilities | Request Parameters : movieName: Avatar
Apr 08, 2023 8:33:49 AM Replicas.Replica1.server.OUTAServer writeLog
INFO: Log from  Atwater : Sending response to the request server.
Apr 08, 2023 8:33:49 AM Replicas.Replica1.implementation.ATWImplementation writeLog
INFO: Log from Atwater : UDP response received from port 7002
Apr 08, 2023 8:33:51 AM Replicas.Replica1.implementation.ATWImplementation writeLog
INFO: Log from Atwater : Data found from all servers
Apr 08, 2023 8:35:36 AM Replicas.Replica1.implementation.ATWImplementation writeLog
INFO: Log from Atwater : Tickets for Avatar for 09/04
Apr 08, 2023 8:35:55 AM Replicas.Replica1.implementation.ATWImplementation writeLog
INFO: Log from Atwater : UDP request sent from Atwater to port 7001
Apr 08, 2023 8:35:55 AM Replicas.Replica1.implementation.ATWImplementation writeLog
INFO: Log from Atwater : UDP request sent from Atwater to port 7002
Apr 08, 2023 8:35:55 AM Replicas.Replica1.server.OUTAServer writeLog
INFO: Log from  Atwater : Received response
Apr 08, 2023 8:35:55 AM Replicas.Replica1.server.OUTAServer writeLog
INFO: Log from  Atwater : Outremont : Get Bookings for Atwater | Request Parameters : customerID: ATWC1234
Apr 08, 2023 8:35:57 AM Replicas.Replica1.implementation.ATWImplementation writeLog
INFO: Log from Atwater : Bookings found from all servers for user : ATWC1234
Apr 08, 2023 8:39:07 AM Replicas.Replica1.implementation.ATWImplementation writeLog
INFO: Log from Atwater : Movie slot ATWA090423 added for : Avengers
Apr 08, 2023 8:41:06 AM Replicas.Replica1.implementation.ATWImplementation writeLog
INFO: Log from Atwater : Movie slot ATWA090423 added for : Avatar
Apr 08, 2023 8:42:15 AM Replicas.Replica1.implementation.ATWImplementation writeLog
INFO: Log from Atwater : Movie slot ATWA090423 added for : Titanic
Apr 08, 2023 8:57:35 AM Replicas.Replica1.implementation.ATWImplementation writeLog
INFO: Log from Atwater : Movie slot ATWA090423 added for : Avatar
Apr 08, 2023 8:58:23 AM Replicas.Replica1.implementation.ATWImplementation writeLog
INFO: Log from Atwater : Movie Slot already exist for ATWA090423
Apr 08, 2023 8:59:15 AM Replicas.Replica1.implementation.ATWImplementation writeLog
INFO: Log from Atwater : Movie slot ATWA090423 added for : Avengers
Apr 08, 2023 8:59:40 AM Replicas.Replica1.implementation.ATWImplementation writeLog
INFO: Log from Atwater : Movie slot ATWA090423 added for : Titanic
Apr 08, 2023 11:53:39 AM Replicas.Replica1.implementation.ATWImplementation writeLog
INFO: Log from Atwater : Movie slot ATWA090423 added for : Avatar
Apr 08, 2023 11:54:59 AM Replicas.Replica1.implementation.ATWImplementation writeLog
INFO: Log from Atwater : Movie slot ATWA090423 added for : Avengers
Apr 08, 2023 11:59:26 AM Replicas.Replica1.implementation.ATWImplementation writeLog
INFO: Log from Atwater : Movie slot ATWA090423 added for : Avatar
Apr 08, 2023 12:00:21 PM Replicas.Replica1.implementation.ATWImplementation writeLog
INFO: Log from Atwater : Movie slot ATWA090423 added for : Avengers
