Mar 08, 2023 9:43:09 PM server.VERAServer writeLog
INFO: Log from  Verdun : Received response
Mar 08, 2023 9:43:09 PM server.VERAServer writeLog
INFO: Log from  Verdun : Verdun : Get Bookings for Verdun | Request Parameters : customerID: OUTC1234
Mar 08, 2023 9:43:09 PM implementation.VERImplementation writeLog
INFO: Log from Verdun : Bookings found for Verdun server for user OUTC1234
Mar 08, 2023 9:43:09 PM server.VERAServer writeLog
INFO: Log from  Verdun : Sending response to the request server.
Mar 08, 2023 9:43:31 PM server.VERAServer writeLog
INFO: Log from  Verdun : Received response
Mar 08, 2023 9:43:31 PM server.VERAServer writeLog
INFO: Log from  Verdun : Verdun : Get Bookings for Verdun | Request Parameters : customerID: ATWC1234
Mar 08, 2023 9:43:31 PM implementation.VERImplementation writeLog
INFO: Log from Verdun : Bookings found for Verdun server for user ATWC1234
Mar 08, 2023 9:43:31 PM server.VERAServer writeLog
INFO: Log from  Verdun : Sending response to the request server.
Mar 08, 2023 9:51:15 PM server.VERAServer writeLog
INFO: Log from  Verdun : Received response
Mar 08, 2023 9:51:15 PM server.VERAServer writeLog
INFO: Log from  Verdun : Verdun : Get Bookings for Verdun | Request Parameters : customerID: ATWC1234
Mar 08, 2023 9:51:15 PM implementation.VERImplementation writeLog
INFO: Log from Verdun : Bookings found for Verdun server for user ATWC1234
Mar 08, 2023 9:51:15 PM server.VERAServer writeLog
INFO: Log from  Verdun : Sending response to the request server.
Mar 08, 2023 9:53:21 PM server.VERAServer writeLog
INFO: Log from  Verdun : Received response
Mar 08, 2023 9:53:21 PM server.VERAServer writeLog
INFO: Log from  Verdun : Verdun : Get Bookings for Verdun | Request Parameters : customerID: ATWC1234
Mar 08, 2023 9:53:21 PM implementation.VERImplementation writeLog
INFO: Log from Verdun : Bookings found for Verdun server for user ATWC1234
Mar 08, 2023 9:53:21 PM server.VERAServer writeLog
INFO: Log from  Verdun : Sending response to the request server.
Mar 12, 2023 9:37:38 PM server.VERAServer writeLog
INFO: Log from  Verdun : Received response
Mar 12, 2023 9:37:38 PM server.VERAServer writeLog
INFO: Log from  Verdun : Verdun : Get Bookings for Verdun | Request Parameters : customerID: ATWC1234
Mar 12, 2023 9:37:38 PM implementation.VERImplementation writeLog
INFO: Log from Verdun : Bookings found for Verdun server for user ATWC1234
Mar 12, 2023 9:37:38 PM server.VERAServer writeLog
INFO: Log from  Verdun : Sending response to the request server.
Mar 12, 2023 9:39:28 PM server.VERAServer writeLog
INFO: Log from  Verdun : Received response
Mar 12, 2023 9:39:28 PM server.VERAServer writeLog
INFO: Log from  Verdun : Verdun : Get Bookings for Verdun | Request Parameters : customerID: ATWC1234
Mar 12, 2023 9:39:28 PM implementation.VERImplementation writeLog
INFO: Log from Verdun : Bookings found for Verdun server for user ATWC1234
Mar 12, 2023 9:39:28 PM server.VERAServer writeLog
INFO: Log from  Verdun : Sending response to the request server.
Mar 12, 2023 9:48:21 PM server.VERAServer writeLog
INFO: Log from  Verdun : Received response
Mar 12, 2023 9:48:21 PM server.VERAServer writeLog
INFO: Log from  Verdun : Verdun : Get Bookings for Verdun | Request Parameters : customerID: ATWC1234
Mar 12, 2023 9:48:21 PM implementation.VERImplementation writeLog
INFO: Log from Verdun : Bookings found for Verdun server for user ATWC1234
Mar 12, 2023 9:48:21 PM server.VERAServer writeLog
INFO: Log from  Verdun : Sending response to the request server.
Mar 12, 2023 9:48:51 PM server.VERAServer writeLog
INFO: Log from  Verdun : Received response
Mar 12, 2023 9:48:51 PM server.VERAServer writeLog
INFO: Log from  Verdun : Verdun : Get Bookings for Verdun | Request Parameters : customerID: ATWC1234
Mar 12, 2023 9:48:51 PM implementation.VERImplementation writeLog
INFO: Log from Verdun : Bookings found for Verdun server for user ATWC1234
Mar 12, 2023 9:48:51 PM server.VERAServer writeLog
INFO: Log from  Verdun : Sending response to the request server.
Mar 12, 2023 9:51:59 PM server.VERAServer writeLog
INFO: Log from  Verdun : Received response
Mar 12, 2023 9:51:59 PM server.VERAServer writeLog
INFO: Log from  Verdun : Verdun : Get Bookings for Verdun | Request Parameters : customerID: ATWC1234
Mar 12, 2023 9:51:59 PM implementation.VERImplementation writeLog
INFO: Log from Verdun : Bookings found for Verdun server for user ATWC1234
Mar 12, 2023 9:51:59 PM server.VERAServer writeLog
INFO: Log from  Verdun : Sending response to the request server.
Mar 12, 2023 9:57:36 PM server.VERAServer writeLog
INFO: Log from  Verdun : Received response
Mar 12, 2023 9:57:36 PM server.VERAServer writeLog
INFO: Log from  Verdun : Verdun : Get Bookings for Verdun | Request Parameters : customerID: ATWC1234
Mar 12, 2023 9:57:36 PM implementation.VERImplementation writeLog
INFO: Log from Verdun : Bookings found for Verdun server for user ATWC1234
Mar 12, 2023 9:57:36 PM server.VERAServer writeLog
INFO: Log from  Verdun : Sending response to the request server.
Mar 12, 2023 9:58:08 PM server.VERAServer writeLog
INFO: Log from  Verdun : Received response
Mar 12, 2023 9:58:08 PM server.VERAServer writeLog
INFO: Log from  Verdun : Verdun : Get Bookings for Verdun | Request Parameters : customerID: ATWC1234
Mar 12, 2023 9:58:08 PM implementation.VERImplementation writeLog
INFO: Log from Verdun : Bookings found for Verdun server for user ATWC1234
Mar 12, 2023 9:58:08 PM server.VERAServer writeLog
INFO: Log from  Verdun : Sending response to the request server.
Mar 21, 2023 8:17:03 PM server.VERAServer writeLog
INFO: Log from  Verdun : Received response
Mar 21, 2023 8:17:03 PM server.VERAServer writeLog
INFO: Log from  Verdun : Verdun : Get Bookings for Verdun | Request Parameters : customerID: ATWC1234
Mar 21, 2023 8:17:03 PM implementation.VERImplementation writeLog
INFO: Log from Verdun : Bookings found for Verdun server for user ATWC1234
Mar 21, 2023 8:17:03 PM server.VERAServer writeLog
INFO: Log from  Verdun : Sending response to the request server.
Mar 21, 2023 8:17:57 PM server.VERAServer writeLog
INFO: Log from  Verdun : Received response
Mar 21, 2023 8:17:57 PM server.VERAServer writeLog
INFO: Log from  Verdun : Verdun : Get Bookings for Verdun | Request Parameters : customerID: ATWC1234
Mar 21, 2023 8:17:57 PM implementation.VERImplementation writeLog
INFO: Log from Verdun : Bookings found for Verdun server for user ATWC1234
Mar 21, 2023 8:17:57 PM server.VERAServer writeLog
INFO: Log from  Verdun : Sending response to the request server.
Mar 21, 2023 8:45:04 PM server.VERAServer writeLog
INFO: Log from  Verdun : Received response
Mar 21, 2023 8:45:04 PM server.VERAServer writeLog
INFO: Log from  Verdun : Verdun : Get Bookings for Verdun | Request Parameters : customerID: ATWC1234
Mar 21, 2023 8:45:04 PM implementation.VERImplementation writeLog
INFO: Log from Verdun : Bookings found for Verdun server for user ATWC1234
Mar 21, 2023 8:45:04 PM server.VERAServer writeLog
INFO: Log from  Verdun : Sending response to the request server.
Mar 21, 2023 8:45:22 PM server.VERAServer writeLog
INFO: Log from  Verdun : Received response
Mar 21, 2023 8:45:22 PM server.VERAServer writeLog
INFO: Log from  Verdun : Verdun : Get Bookings for Verdun | Request Parameters : customerID: ATWC1234
Mar 21, 2023 8:45:22 PM implementation.VERImplementation writeLog
INFO: Log from Verdun : Bookings found for Verdun server for user ATWC1234
Mar 21, 2023 8:45:22 PM server.VERAServer writeLog
INFO: Log from  Verdun : Sending response to the request server.
